🚀 Iniciando Simulador IoT AquaIA...
📡 7 sensores detectados.
✅ Ciclo completado. Esperando 10 segundos...
⚠️ SIMULANDO ANOMALÍA: Sensor IOT-PH-01 -> 22.57
⚠️ SIMULANDO ANOMALÍA: Sensor IOT-PR-01 -> 16.76
✅ Ciclo completado. Esperando 10 segundos...
⚠️ SIMULANDO ANOMALÍA: Sensor IOT-SN-01 -> 93.76
✅ Ciclo completado. Esperando 10 segundos...
✅ Ciclo completado. Esperando 10 segundos...
⚠️ SIMULANDO ANOMALÍA: Sensor IOT-SN-01 -> 1.07
✅ Ciclo completado. Esperando 10 segundos...
✅ Ciclo completado. Esperando 10 segundos...
⚠️ SIMULANDO ANOMALÍA: Sensor IOT-PR-01 -> 17.89
✅ Ciclo completado. Esperando 10 segundos...
✅ Ciclo completado. Esperando 10 segundos...
✅ Ciclo completado. Esperando 10 segundos...
✅ Ciclo completado. Esperando 10 segundos...
✅ Ciclo completado. Esperando 10 segundos...
✅ Ciclo completado. Esperando 10 segundos...
✅ Ciclo completado. Esperando 10 segundos...
✅ Ciclo completado. Esperando 10 segundos...
✅ Ciclo completado. Esperando 10 segundos...
⚠️ SIMULANDO ANOMALÍA: Sensor IOT-PH-01 -> -1.57
✅ Ciclo completado. Esperando 10 segundos...
✅ Ciclo completado. Esperando 10 segundos...
⚠️ SIMULANDO ANOMALÍA: Sensor IOT-SN-04 -> 92.98
✅ Ciclo completado. Esperando 10 segundos...
⚠️ SIMULANDO ANOMALÍA: Sensor IOT-SN-04 -> 86.44
✅ Ciclo completado. Esperando 10 segundos...
✅ Ciclo completado. Esperando 10 segundos...
✅ Ciclo completado. Esperando 10 segundos...
⚠️ SIMULANDO ANOMALÍA: Sensor IOT-SN-02 -> 4.14
✅ Ciclo completado. Esperando 10 segundos...
✅ Ciclo completado. Esperando 10 segundos...
⚠️ SIMULANDO ANOMALÍA: Sensor IOT-SN-02 -> 93.93
✅ Ciclo completado. Esperando 10 segundos...
✅ Ciclo completado. Esperando 10 segundos...
✅ Ciclo completado. Esperando 10 segundos...
⚠️ SIMULANDO ANOMALÍA: Sensor IOT-SN-01 -> 87.94
✅ Ciclo completado. Esperando 10 segundos...
✅ Ciclo completado. Esperando 10 segundos...
✅ Ciclo completado. Esperando 10 segundos...
✅ Ciclo completado. Esperando 10 segundos...
✅ Ciclo completado. Esperando 10 segundos...
✅ Ciclo completado. Esperando 10 segundos...
⚠️ SIMULANDO ANOMALÍA: Sensor IOT-SN-03 -> 12.21
✅ Ciclo completado. Esperando 10 segundos...
✅ Ciclo completado. Esperando 10 segundos...
✅ Ciclo completado. Esperando 10 segundos...
✅ Ciclo completado. Esperando 10 segundos...
✅ Ciclo completado. Esperando 10 segundos...
✅ Ciclo completado. Esperando 10 segundos...
⚠️ SIMULANDO ANOMALÍA: Sensor IOT-LV-01 -> 10.38
✅ Ciclo completado. Esperando 10 segundos...
✅ Ciclo completado. Esperando 10 segundos...
✅ Ciclo completado. Esperando 10 segundos...
✅ Ciclo completado. Esperando 10 segundos...
✅ Ciclo completado. Esperando 10 segundos...
⚠️ SIMULANDO ANOMALÍA: Sensor IOT-LV-01 -> 10.55
⚠️ SIMULANDO ANOMALÍA: Sensor IOT-PH-01 -> -0.02
✅ Ciclo completado. Esperando 10 segundos...
✅ Ciclo completado. Esperando 10 segundos...
✅ Ciclo completado. Esperando 10 segundos...
⚠️ SIMULANDO ANOMALÍA: Sensor IOT-SN-02 -> 92.83
✅ Ciclo completado. Esperando 10 segundos...
✅ Ciclo completado. Esperando 10 segundos...
✅ Ciclo completado. Esperando 10 segundos...
⚠️ SIMULANDO ANOMALÍA: Sensor IOT-SN-01 -> 4.45
✅ Ciclo completado. Esperando 10 segundos...
⚠️ SIMULANDO ANOMALÍA: Sensor IOT-SN-02 -> 2.05
✅ Ciclo completado. Esperando 10 segundos...
✅ Ciclo completado. Esperando 10 segundos...
✅ Ciclo completado. Esperando 10 segundos...
⚠️ SIMULANDO ANOMALÍA: Sensor IOT-SN-01 -> 87.47
✅ Ciclo completado. Esperando 10 segundos...
✅ Ciclo completado. Esperando 10 segundos...
⚠️ SIMULANDO ANOMALÍA: Sensor IOT-PR-01 -> 72.96
✅ Ciclo completado. Esperando 10 segundos...
✅ Ciclo completado. Esperando 10 segundos...
✅ Ciclo completado. Esperando 10 segundos...
⚠️ SIMULANDO ANOMALÍA: Sensor IOT-SN-02 -> 92.70
✅ Ciclo completado. Esperando 10 segundos...
⚠️ SIMULANDO ANOMALÍA: Sensor IOT-LV-01 -> 15.53
✅ Ciclo completado. Esperando 10 segundos...
✅ Ciclo completado. Esperando 10 segundos...
✅ Ciclo completado. Esperando 10 segundos...
⚠️ SIMULANDO ANOMALÍA: Sensor IOT-SN-01 -> 1.22
✅ Ciclo completado. Esperando 10 segundos...
✅ Ciclo completado. Esperando 10 segundos...
✅ Ciclo completado. Esperando 10 segundos...
⚠️ SIMULANDO ANOMALÍA: Sensor IOT-LV-01 -> -5.76
✅ Ciclo completado. Esperando 10 segundos...
⚠️ SIMULANDO ANOMALÍA: Sensor IOT-LV-01 -> 15.74
⚠️ SIMULANDO ANOMALÍA: Sensor IOT-SN-02 -> 2.40
⚠️ SIMULANDO ANOMALÍA: Sensor IOT-SN-04 -> 93.34
✅ Ciclo completado. Esperando 10 segundos...
⚠️ SIMULANDO ANOMALÍA: Sensor IOT-SN-02 -> 93.70
✅ Ciclo completado. Esperando 10 segundos...
⚠️ SIMULANDO ANOMALÍA: Sensor IOT-PH-01 -> -0.51
✅ Ciclo completado. Esperando 10 segundos...
⚠️ SIMULANDO ANOMALÍA: Sensor IOT-LV-01 -> -8.79
✅ Ciclo completado. Esperando 10 segundos...
✅ Ciclo completado. Esperando 10 segundos...
✅ Ciclo completado. Esperando 10 segundos...
✅ Ciclo completado. Esperando 10 segundos...
✅ Ciclo completado. Esperando 10 segundos...
⚠️ SIMULANDO ANOMALÍA: Sensor IOT-LV-01 -> -6.23
✅ Ciclo completado. Esperando 10 segundos...
✅ Ciclo completado. Esperando 10 segundos...
✅ Ciclo completado. Esperando 10 segundos...
✅ Ciclo completado. Esperando 10 segundos...
✅ Ciclo completado. Esperando 10 segundos...
✅ Ciclo completado. Esperando 10 segundos...
⚠️ SIMULANDO ANOMALÍA: Sensor IOT-PH-01 -> -3.04
⚠️ SIMULANDO ANOMALÍA: Sensor IOT-PR-01 -> 73.62
⚠️ SIMULANDO ANOMALÍA: Sensor IOT-SN-01 -> 88.69
✅ Ciclo completado. Esperando 10 segundos...
✅ Ciclo completado. Esperando 10 segundos...
⚠️ SIMULANDO ANOMALÍA: Sensor IOT-SN-03 -> 12.28
✅ Ciclo completado. Esperando 10 segundos...
✅ Ciclo completado. Esperando 10 segundos...
✅ Ciclo completado. Esperando 10 segundos...
✅ Ciclo completado. Esperando 10 segundos...
✅ Ciclo completado. Esperando 10 segundos...
⚠️ SIMULANDO ANOMALÍA: Sensor IOT-PR-01 -> 73.47
✅ Ciclo completado. Esperando 10 segundos...
✅ Ciclo completado. Esperando 10 segundos...
⚠️ SIMULANDO ANOMALÍA: Sensor IOT-PR-01 -> 18.93
✅ Ciclo completado. Esperando 10 segundos...
✅ Ciclo completado. Esperando 10 segundos...
✅ Ciclo completado. Esperando 10 segundos...
✅ Ciclo completado. Esperando 10 segundos...
✅ Ciclo completado. Esperando 10 segundos...
⚠️ SIMULANDO ANOMALÍA: Sensor IOT-LV-01 -> 15.08
⚠️ SIMULANDO ANOMALÍA: Sensor IOT-PR-01 -> 74.39
⚠️ SIMULANDO ANOMALÍA: Sensor IOT-SN-01 -> 94.50
✅ Ciclo completado. Esperando 10 segundos...
✅ Ciclo completado. Esperando 10 segundos...
✅ Ciclo completado. Esperando 10 segundos...
⚠️ SIMULANDO ANOMALÍA: Sensor IOT-SN-04 -> 90.02
✅ Ciclo completado. Esperando 10 segundos...
⚠️ SIMULANDO ANOMALÍA: Sensor IOT-SN-04 -> 85.24
✅ Ciclo completado. Esperando 10 segundos...
✅ Ciclo completado. Esperando 10 segundos...
✅ Ciclo completado. Esperando 10 segundos...
✅ Ciclo completado. Esperando 10 segundos...
⚠️ SIMULANDO ANOMALÍA: Sensor IOT-PR-01 -> 73.32
✅ Ciclo completado. Esperando 10 segundos...
✅ Ciclo completado. Esperando 10 segundos...
⚠️ SIMULANDO ANOMALÍA: Sensor IOT-PR-01 -> 79.20
✅ Ciclo completado. Esperando 10 segundos...
✅ Ciclo completado. Esperando 10 segundos...
✅ Ciclo completado. Esperando 10 segundos...
✅ Ciclo completado. Esperando 10 segundos...
⚠️ SIMULANDO ANOMALÍA: Sensor IOT-PH-01 -> 23.31
⚠️ SIMULANDO ANOMALÍA: Sensor IOT-PR-01 -> 18.32
✅ Ciclo completado. Esperando 10 segundos...
⚠️ SIMULANDO ANOMALÍA: Sensor IOT-PH-01 -> -1.49
⚠️ SIMULANDO ANOMALÍA: Sensor IOT-SN-01 -> 89.54
✅ Ciclo completado. Esperando 10 segundos...
✅ Ciclo completado. Esperando 10 segundos...
✅ Ciclo completado. Esperando 10 segundos...
⚠️ SIMULANDO ANOMALÍA: Sensor IOT-PH-01 -> 21.19
✅ Ciclo completado. Esperando 10 segundos...
✅ Ciclo completado. Esperando 10 segundos...
✅ Ciclo completado. Esperando 10 segundos...
⚠️ SIMULANDO ANOMALÍA: Sensor IOT-PH-01 -> 22.58
✅ Ciclo completado. Esperando 10 segundos...
✅ Ciclo completado. Esperando 10 segundos...
✅ Ciclo completado. Esperando 10 segundos...
✅ Ciclo completado. Esperando 10 segundos...
✅ Ciclo completado. Esperando 10 segundos...
✅ Ciclo completado. Esperando 10 segundos...
✅ Ciclo completado. Esperando 10 segundos...
✅ Ciclo completado. Esperando 10 segundos...
✅ Ciclo completado. Esperando 10 segundos...
✅ Ciclo completado. Esperando 10 segundos...
✅ Ciclo completado. Esperando 10 segundos...
⚠️ SIMULANDO ANOMALÍA: Sensor IOT-SN-02 -> 1.83
✅ Ciclo completado. Esperando 10 segundos...
✅ Ciclo completado. Esperando 10 segundos...
⚠️ SIMULANDO ANOMALÍA: Sensor IOT-SN-02 -> 93.33
✅ Ciclo completado. Esperando 10 segundos...
⚠️ SIMULANDO ANOMALÍA: Sensor IOT-SN-01 -> 94.86
✅ Ciclo completado. Esperando 10 segundos...
⚠️ SIMULANDO ANOMALÍA: Sensor IOT-SN-01 -> 4.57
✅ Ciclo completado. Esperando 10 segundos...
⚠️ SIMULANDO ANOMALÍA: Sensor IOT-LV-01 -> -6.17
⚠️ SIMULANDO ANOMALÍA: Sensor IOT-PR-01 -> 78.96
✅ Ciclo completado. Esperando 10 segundos...
✅ Ciclo completado. Esperando 10 segundos...
⚠️ SIMULANDO ANOMALÍA: Sensor IOT-SN-03 -> 72.57
✅ Ciclo completado. Esperando 10 segundos...
⚠️ SIMULANDO ANOMALÍA: Sensor IOT-PR-01 -> 15.59
⚠️ SIMULANDO ANOMALÍA: Sensor IOT-SN-01 -> 4.05
✅ Ciclo completado. Esperando 10 segundos...
⚠️ SIMULANDO ANOMALÍA: Sensor IOT-SN-03 -> 12.51
✅ Ciclo completado. Esperando 10 segundos...
✅ Ciclo completado. Esperando 10 segundos...
⚠️ SIMULANDO ANOMALÍA: Sensor IOT-SN-03 -> 73.37
✅ Ciclo completado. Esperando 10 segundos...
✅ Ciclo completado. Esperando 10 segundos...
✅ Ciclo completado. Esperando 10 segundos...
✅ Ciclo completado. Esperando 10 segundos...
✅ Ciclo completado. Esperando 10 segundos...
✅ Ciclo completado. Esperando 10 segundos...
⚠️ SIMULANDO ANOMALÍA: Sensor IOT-PR-01 -> 70.80
✅ Ciclo completado. Esperando 10 segundos...
⚠️ SIMULANDO ANOMALÍA: Sensor IOT-LV-01 -> 14.24
⚠️ SIMULANDO ANOMALÍA: Sensor IOT-SN-01 -> 2.57
✅ Ciclo completado. Esperando 10 segundos...
✅ Ciclo completado. Esperando 10 segundos...
⚠️ SIMULANDO ANOMALÍA: Sensor IOT-PH-01 -> 20.19
✅ Ciclo completado. Esperando 10 segundos...
✅ Ciclo completado. Esperando 10 segundos...
⚠️ SIMULANDO ANOMALÍA: Sensor IOT-SN-02 -> 85.42
✅ Ciclo completado. Esperando 10 segundos...
⚠️ SIMULANDO ANOMALÍA: Sensor IOT-LV-01 -> 10.29
⚠️ SIMULANDO ANOMALÍA: Sensor IOT-PH-01 -> 19.17
✅ Ciclo completado. Esperando 10 segundos...
✅ Ciclo completado. Esperando 10 segundos...
✅ Ciclo completado. Esperando 10 segundos...
✅ Ciclo completado. Esperando 10 segundos...
⚠️ SIMULANDO ANOMALÍA: Sensor IOT-PR-01 -> 19.14
✅ Ciclo completado. Esperando 10 segundos...
⚠️ SIMULANDO ANOMALÍA: Sensor IOT-SN-02 -> 90.65
✅ Ciclo completado. Esperando 10 segundos...
⚠️ SIMULANDO ANOMALÍA: Sensor IOT-PH-01 -> -0.30
✅ Ciclo completado. Esperando 10 segundos...
✅ Ciclo completado. Esperando 10 segundos...
✅ Ciclo completado. Esperando 10 segundos...
⚠️ SIMULANDO ANOMALÍA: Sensor IOT-SN-02 -> 0.45
✅ Ciclo completado. Esperando 10 segundos...
⚠️ SIMULANDO ANOMALÍA: Sensor IOT-SN-03 -> 68.63
✅ Ciclo completado. Esperando 10 segundos...
✅ Ciclo completado. Esperando 10 segundos...
✅ Ciclo completado. Esperando 10 segundos...
⚠️ SIMULANDO ANOMALÍA: Sensor IOT-PR-01 -> 18.60
✅ Ciclo completado. Esperando 10 segundos...
✅ Ciclo completado. Esperando 10 segundos...
✅ Ciclo completado. Esperando 10 segundos...
✅ Ciclo completado. Esperando 10 segundos...
✅ Ciclo completado. Esperando 10 segundos...
✅ Ciclo completado. Esperando 10 segundos...
✅ Ciclo completado. Esperando 10 segundos...
✅ Ciclo completado. Esperando 10 segundos...
⚠️ SIMULANDO ANOMALÍA: Sensor IOT-SN-04 -> 94.45
✅ Ciclo completado. Esperando 10 segundos...
✅ Ciclo completado. Esperando 10 segundos...
✅ Ciclo completado. Esperando 10 segundos...
✅ Ciclo completado. Esperando 10 segundos...
✅ Ciclo completado. Esperando 10 segundos...
✅ Ciclo completado. Esperando 10 segundos...
✅ Ciclo completado. Esperando 10 segundos...
✅ Ciclo completado. Esperando 10 segundos...
⚠️ SIMULANDO ANOMALÍA: Sensor IOT-SN-04 -> 92.60
✅ Ciclo completado. Esperando 10 segundos...
✅ Ciclo completado. Esperando 10 segundos...
✅ Ciclo completado. Esperando 10 segundos...
✅ Ciclo completado. Esperando 10 segundos...
✅ Ciclo completado. Esperando 10 segundos...
✅ Ciclo completado. Esperando 10 segundos...
✅ Ciclo completado. Esperando 10 segundos...
✅ Ciclo completado. Esperando 10 segundos...
✅ Ciclo completado. Esperando 10 segundos...
✅ Ciclo completado. Esperando 10 segundos...
✅ Ciclo completado. Esperando 10 segundos...
✅ Ciclo completado. Esperando 10 segundos...
✅ Ciclo completado. Esperando 10 segundos...
✅ Ciclo completado. Esperando 10 segundos...
✅ Ciclo completado. Esperando 10 segundos...
⚠️ SIMULANDO ANOMALÍA: Sensor IOT-LV-01 -> -9.05
✅ Ciclo completado. Esperando 10 segundos...
✅ Ciclo completado. Esperando 10 segundos...
✅ Ciclo completado. Esperando 10 segundos...
✅ Ciclo completado. Esperando 10 segundos...
✅ Ciclo completado. Esperando 10 segundos...
✅ Ciclo completado. Esperando 10 segundos...
⚠️ SIMULANDO ANOMALÍA: Sensor IOT-SN-04 -> 0.48
✅ Ciclo completado. Esperando 10 segundos...
✅ Ciclo completado. Esperando 10 segundos...
⚠️ SIMULANDO ANOMALÍA: Sensor IOT-LV-01 -> 11.67
✅ Ciclo completado. Esperando 10 segundos...
✅ Ciclo completado. Esperando 10 segundos...
✅ Ciclo completado. Esperando 10 segundos...
✅ Ciclo completado. Esperando 10 segundos...
⚠️ SIMULANDO ANOMALÍA: Sensor IOT-SN-02 -> 3.97
✅ Ciclo completado. Esperando 10 segundos...
✅ Ciclo completado. Esperando 10 segundos...
⚠️ SIMULANDO ANOMALÍA: Sensor IOT-SN-04 -> 91.36
✅ Ciclo completado. Esperando 10 segundos...
✅ Ciclo completado. Esperando 10 segundos...
✅ Ciclo completado. Esperando 10 segundos...
✅ Ciclo completado. Esperando 10 segundos...
✅ Ciclo completado. Esperando 10 segundos...
✅ Ciclo completado. Esperando 10 segundos...
✅ Ciclo completado. Esperando 10 segundos...
✅ Ciclo completado. Esperando 10 segundos...
✅ Ciclo completado. Esperando 10 segundos...
✅ Ciclo completado. Esperando 10 segundos...
✅ Ciclo completado. Esperando 10 segundos...
✅ Ciclo completado. Esperando 10 segundos...
✅ Ciclo completado. Esperando 10 segundos...
⚠️ SIMULANDO ANOMALÍA: Sensor IOT-LV-01 -> 10.40
✅ Ciclo completado. Esperando 10 segundos...
✅ Ciclo completado. Esperando 10 segundos...
✅ Ciclo completado. Esperando 10 segundos...
⚠️ SIMULANDO ANOMALÍA: Sensor IOT-PR-01 -> 16.43
⚠️ SIMULANDO ANOMALÍA: Sensor IOT-SN-01 -> 3.82
✅ Ciclo completado. Esperando 10 segundos...
✅ Ciclo completado. Esperando 10 segundos...
✅ Ciclo completado. Esperando 10 segundos...
✅ Ciclo completado. Esperando 10 segundos...
✅ Ciclo completado. Esperando 10 segundos...
⚠️ SIMULANDO ANOMALÍA: Sensor IOT-SN-02 -> 92.02
✅ Ciclo completado. Esperando 10 segundos...
⚠️ SIMULANDO ANOMALÍA: Sensor IOT-SN-03 -> 10.00
✅ Ciclo completado. Esperando 10 segundos...
✅ Ciclo completado. Esperando 10 segundos...
⚠️ SIMULANDO ANOMALÍA: Sensor IOT-SN-01 -> 1.55
✅ Ciclo completado. Esperando 10 segundos...
⚠️ SIMULANDO ANOMALÍA: Sensor IOT-PR-01 -> 16.12
✅ Ciclo completado. Esperando 10 segundos...
✅ Ciclo completado. Esperando 10 segundos...
✅ Ciclo completado. Esperando 10 segundos...
✅ Ciclo completado. Esperando 10 segundos...
✅ Ciclo completado. Esperando 10 segundos...
✅ Ciclo completado. Esperando 10 segundos...
✅ Ciclo completado. Esperando 10 segundos...
✅ Ciclo completado. Esperando 10 segundos...
⚠️ SIMULANDO ANOMALÍA: Sensor IOT-SN-02 -> 86.13
✅ Ciclo completado. Esperando 10 segundos...
✅ Ciclo completado. Esperando 10 segundos...
✅ Ciclo completado. Esperando 10 segundos...
✅ Ciclo completado. Esperando 10 segundos...
✅ Ciclo completado. Esperando 10 segundos...
⚠️ SIMULANDO ANOMALÍA: Sensor IOT-PH-01 -> 19.31
⚠️ SIMULANDO ANOMALÍA: Sensor IOT-PR-01 -> 75.38
✅ Ciclo completado. Esperando 10 segundos...
⚠️ SIMULANDO ANOMALÍA: Sensor IOT-SN-02 -> 4.70
✅ Ciclo completado. Esperando 10 segundos...
⚠️ SIMULANDO ANOMALÍA: Sensor IOT-SN-04 -> 89.55
✅ Ciclo completado. Esperando 10 segundos...
⚠️ SIMULANDO ANOMALÍA: Sensor IOT-LV-01 -> -6.97
✅ Ciclo completado. Esperando 10 segundos...
✅ Ciclo completado. Esperando 10 segundos...
⚠️ SIMULANDO ANOMALÍA: Sensor IOT-SN-03 -> 12.37
✅ Ciclo completado. Esperando 10 segundos...
✅ Ciclo completado. Esperando 10 segundos...
✅ Ciclo completado. Esperando 10 segundos...
✅ Ciclo completado. Esperando 10 segundos...
✅ Ciclo completado. Esperando 10 segundos...
✅ Ciclo completado. Esperando 10 segundos...
✅ Ciclo completado. Esperando 10 segundos...
⚠️ SIMULANDO ANOMALÍA: Sensor IOT-SN-03 -> 74.95
✅ Ciclo completado. Esperando 10 segundos...
✅ Ciclo completado. Esperando 10 segundos...
⚠️ SIMULANDO ANOMALÍA: Sensor IOT-PH-01 -> -0.17
✅ Ciclo completado. Esperando 10 segundos...
✅ Ciclo completado. Esperando 10 segundos...
⚠️ SIMULANDO ANOMALÍA: Sensor IOT-PR-01 -> 15.63
✅ Ciclo completado. Esperando 10 segundos...
✅ Ciclo completado. Esperando 10 segundos...
⚠️ SIMULANDO ANOMALÍA: Sensor IOT-SN-03 -> 14.17
✅ Ciclo completado. Esperando 10 segundos...
✅ Ciclo completado. Esperando 10 segundos...
✅ Ciclo completado. Esperando 10 segundos...
✅ Ciclo completado. Esperando 10 segundos...
⚠️ SIMULANDO ANOMALÍA: Sensor IOT-SN-04 -> 3.64
✅ Ciclo completado. Esperando 10 segundos...
⚠️ SIMULANDO ANOMALÍA: Sensor IOT-PR-01 -> 16.70
⚠️ SIMULANDO ANOMALÍA: Sensor IOT-SN-04 -> 3.86
✅ Ciclo completado. Esperando 10 segundos...
✅ Ciclo completado. Esperando 10 segundos...
✅ Ciclo completado. Esperando 10 segundos...
✅ Ciclo completado. Esperando 10 segundos...
⚠️ SIMULANDO ANOMALÍA: Sensor IOT-SN-03 -> 11.15
✅ Ciclo completado. Esperando 10 segundos...
✅ Ciclo completado. Esperando 10 segundos...
⚠️ SIMULANDO ANOMALÍA: Sensor IOT-PR-01 -> 19.33
⚠️ SIMULANDO ANOMALÍA: Sensor IOT-SN-02 -> 89.66
✅ Ciclo completado. Esperando 10 segundos...
⚠️ SIMULANDO ANOMALÍA: Sensor IOT-SN-02 -> 3.72
✅ Ciclo completado. Esperando 10 segundos...
✅ Ciclo completado. Esperando 10 segundos...
⚠️ SIMULANDO ANOMALÍA: Sensor IOT-PR-01 -> 74.66
✅ Ciclo completado. Esperando 10 segundos...
✅ Ciclo completado. Esperando 10 segundos...
✅ Ciclo completado. Esperando 10 segundos...
⚠️ SIMULANDO ANOMALÍA: Sensor IOT-LV-01 -> 13.16
✅ Ciclo completado. Esperando 10 segundos...
✅ Ciclo completado. Esperando 10 segundos...
✅ Ciclo completado. Esperando 10 segundos...
✅ Ciclo completado. Esperando 10 segundos...
✅ Ciclo completado. Esperando 10 segundos...
⚠️ SIMULANDO ANOMALÍA: Sensor IOT-LV-01 -> 19.15
⚠️ SIMULANDO ANOMALÍA: Sensor IOT-PR-01 -> 18.16
✅ Ciclo completado. Esperando 10 segundos...
✅ Ciclo completado. Esperando 10 segundos...
✅ Ciclo completado. Esperando 10 segundos...
⚠️ SIMULANDO ANOMALÍA: Sensor IOT-SN-04 -> 90.25
✅ Ciclo completado. Esperando 10 segundos...
✅ Ciclo completado. Esperando 10 segundos...
✅ Ciclo completado. Esperando 10 segundos...
⚠️ SIMULANDO ANOMALÍA: Sensor IOT-LV-01 -> -5.71
⚠️ SIMULANDO ANOMALÍA: Sensor IOT-PR-01 -> 16.48
✅ Ciclo completado. Esperando 10 segundos...
⚠️ SIMULANDO ANOMALÍA: Sensor IOT-LV-01 -> -5.24
⚠️ SIMULANDO ANOMALÍA: Sensor IOT-SN-03 -> 11.59
✅ Ciclo completado. Esperando 10 segundos...
✅ Ciclo completado. Esperando 10 segundos...
⚠️ SIMULANDO ANOMALÍA: Sensor IOT-SN-01 -> 94.95
✅ Ciclo completado. Esperando 10 segundos...
⚠️ SIMULANDO ANOMALÍA: Sensor IOT-PR-01 -> 19.00
✅ Ciclo completado. Esperando 10 segundos...
⚠️ SIMULANDO ANOMALÍA: Sensor IOT-SN-04 -> 87.92
✅ Ciclo completado. Esperando 10 segundos...
✅ Ciclo completado. Esperando 10 segundos...
⚠️ SIMULANDO ANOMALÍA: Sensor IOT-SN-02 -> 2.81
✅ Ciclo completado. Esperando 10 segundos...
✅ Ciclo completado. Esperando 10 segundos...
✅ Ciclo completado. Esperando 10 segundos...
✅ Ciclo completado. Esperando 10 segundos...
⚠️ SIMULANDO ANOMALÍA: Sensor IOT-SN-01 -> 87.01
✅ Ciclo completado. Esperando 10 segundos...
✅ Ciclo completado. Esperando 10 segundos...
✅ Ciclo completado. Esperando 10 segundos...
✅ Ciclo completado. Esperando 10 segundos...
✅ Ciclo completado. Esperando 10 segundos...
✅ Ciclo completado. Esperando 10 segundos...
✅ Ciclo completado. Esperando 10 segundos...
✅ Ciclo completado. Esperando 10 segundos...
✅ Ciclo completado. Esperando 10 segundos...
✅ Ciclo completado. Esperando 10 segundos...
⚠️ SIMULANDO ANOMALÍA: Sensor IOT-SN-04 -> 91.53
✅ Ciclo completado. Esperando 10 segundos...
⚠️ SIMULANDO ANOMALÍA: Sensor IOT-SN-02 -> 4.41
⚠️ SIMULANDO ANOMALÍA: Sensor IOT-SN-04 -> 1.25
✅ Ciclo completado. Esperando 10 segundos...
✅ Ciclo completado. Esperando 10 segundos...
✅ Ciclo completado. Esperando 10 segundos...
✅ Ciclo completado. Esperando 10 segundos...
✅ Ciclo completado. Esperando 10 segundos...
✅ Ciclo completado. Esperando 10 segundos...
⚠️ SIMULANDO ANOMALÍA: Sensor IOT-SN-04 -> 88.41
✅ Ciclo completado. Esperando 10 segundos...
⚠️ SIMULANDO ANOMALÍA: Sensor IOT-PR-01 -> 72.88
⚠️ SIMULANDO ANOMALÍA: Sensor IOT-SN-03 -> 67.40
✅ Ciclo completado. Esperando 10 segundos...
⚠️ SIMULANDO ANOMALÍA: Sensor IOT-SN-02 -> 4.29
✅ Ciclo completado. Esperando 10 segundos...
✅ Ciclo completado. Esperando 10 segundos...
⚠️ SIMULANDO ANOMALÍA: Sensor IOT-PR-01 -> 19.69
✅ Ciclo completado. Esperando 10 segundos...
⚠️ SIMULANDO ANOMALÍA: Sensor IOT-PH-01 -> 19.81
✅ Ciclo completado. Esperando 10 segundos...
✅ Ciclo completado. Esperando 10 segundos...
✅ Ciclo completado. Esperando 10 segundos...
✅ Ciclo completado. Esperando 10 segundos...
⚠️ SIMULANDO ANOMALÍA: Sensor IOT-PH-01 -> -0.25
✅ Ciclo completado. Esperando 10 segundos...
⚠️ SIMULANDO ANOMALÍA: Sensor IOT-SN-04 -> 85.10
✅ Ciclo completado. Esperando 10 segundos...
⚠️ SIMULANDO ANOMALÍA: Sensor IOT-SN-01 -> 1.27
✅ Ciclo completado. Esperando 10 segundos...
✅ Ciclo completado. Esperando 10 segundos...
⚠️ SIMULANDO ANOMALÍA: Sensor IOT-SN-02 -> 1.57
✅ Ciclo completado. Esperando 10 segundos...
✅ Ciclo completado. Esperando 10 segundos...
✅ Ciclo completado. Esperando 10 segundos...
✅ Ciclo completado. Esperando 10 segundos...
✅ Ciclo completado. Esperando 10 segundos...
⚠️ SIMULANDO ANOMALÍA: Sensor IOT-SN-02 -> 0.08
⚠️ SIMULANDO ANOMALÍA: Sensor IOT-SN-04 -> 0.39
✅ Ciclo completado. Esperando 10 segundos...
⚠️ SIMULANDO ANOMALÍA: Sensor IOT-PR-01 -> 17.87
✅ Ciclo completado. Esperando 10 segundos...
✅ Ciclo completado. Esperando 10 segundos...
⚠️ SIMULANDO ANOMALÍA: Sensor IOT-SN-01 -> 1.72
✅ Ciclo completado. Esperando 10 segundos...
✅ Ciclo completado. Esperando 10 segundos...
✅ Ciclo completado. Esperando 10 segundos...
⚠️ SIMULANDO ANOMALÍA: Sensor IOT-PH-01 -> 21.68
✅ Ciclo completado. Esperando 10 segundos...
⚠️ SIMULANDO ANOMALÍA: Sensor IOT-SN-03 -> 66.36
✅ Ciclo completado. Esperando 10 segundos...
✅ Ciclo completado. Esperando 10 segundos...
⚠️ SIMULANDO ANOMALÍA: Sensor IOT-SN-02 -> 94.29
✅ Ciclo completado. Esperando 10 segundos...
✅ Ciclo completado. Esperando 10 segundos...
✅ Ciclo completado. Esperando 10 segundos...
✅ Ciclo completado. Esperando 10 segundos...
✅ Ciclo completado. Esperando 10 segundos...
✅ Ciclo completado. Esperando 10 segundos...
✅ Ciclo completado. Esperando 10 segundos...
⚠️ SIMULANDO ANOMALÍA: Sensor IOT-PH-01 -> 18.92
✅ Ciclo completado. Esperando 10 segundos...
✅ Ciclo completado. Esperando 10 segundos...
✅ Ciclo completado. Esperando 10 segundos...
⚠️ SIMULANDO ANOMALÍA: Sensor IOT-PH-01 -> 1.24
⚠️ SIMULANDO ANOMALÍA: Sensor IOT-SN-03 -> 11.26
✅ Ciclo completado. Esperando 10 segundos...
⚠️ SIMULANDO ANOMALÍA: Sensor IOT-PH-01 -> 20.27
⚠️ SIMULANDO ANOMALÍA: Sensor IOT-SN-03 -> 12.07
✅ Ciclo completado. Esperando 10 segundos...
⚠️ SIMULANDO ANOMALÍA: Sensor IOT-SN-01 -> 92.73
✅ Ciclo completado. Esperando 10 segundos...
✅ Ciclo completado. Esperando 10 segundos...
⚠️ SIMULANDO ANOMALÍA: Sensor IOT-SN-03 -> 74.63
✅ Ciclo completado. Esperando 10 segundos...
✅ Ciclo completado. Esperando 10 segundos...
✅ Ciclo completado. Esperando 10 segundos...
✅ Ciclo completado. Esperando 10 segundos...
⚠️ SIMULANDO ANOMALÍA: Sensor IOT-SN-04 -> 2.54
✅ Ciclo completado. Esperando 10 segundos...
✅ Ciclo completado. Esperando 10 segundos...
⚠️ SIMULANDO ANOMALÍA: Sensor IOT-PR-01 -> 74.37
✅ Ciclo completado. Esperando 10 segundos...
✅ Ciclo completado. Esperando 10 segundos...
✅ Ciclo completado. Esperando 10 segundos...
✅ Ciclo completado. Esperando 10 segundos...
✅ Ciclo completado. Esperando 10 segundos...
⚠️ SIMULANDO ANOMALÍA: Sensor IOT-LV-01 -> -7.25
⚠️ SIMULANDO ANOMALÍA: Sensor IOT-SN-02 -> 94.29
✅ Ciclo completado. Esperando 10 segundos...
✅ Ciclo completado. Esperando 10 segundos...
✅ Ciclo completado. Esperando 10 segundos...
✅ Ciclo completado. Esperando 10 segundos...
⚠️ SIMULANDO ANOMALÍA: Sensor IOT-SN-01 -> 4.51
✅ Ciclo completado. Esperando 10 segundos...
✅ Ciclo completado. Esperando 10 segundos...
✅ Ciclo completado. Esperando 10 segundos...
✅ Ciclo completado. Esperando 10 segundos...
✅ Ciclo completado. Esperando 10 segundos...
✅ Ciclo completado. Esperando 10 segundos...
✅ Ciclo completado. Esperando 10 segundos...
⚠️ SIMULANDO ANOMALÍA: Sensor IOT-SN-01 -> 93.16
✅ Ciclo completado. Esperando 10 segundos...
✅ Ciclo completado. Esperando 10 segundos...
✅ Ciclo completado. Esperando 10 segundos...
⚠️ SIMULANDO ANOMALÍA: Sensor IOT-SN-01 -> 3.85
⚠️ SIMULANDO ANOMALÍA: Sensor IOT-SN-02 -> 89.61
✅ Ciclo completado. Esperando 10 segundos...
⚠️ SIMULANDO ANOMALÍA: Sensor IOT-SN-02 -> 91.24
✅ Ciclo completado. Esperando 10 segundos...
✅ Ciclo completado. Esperando 10 segundos...
✅ Ciclo completado. Esperando 10 segundos...
⚠️ SIMULANDO ANOMALÍA: Sensor IOT-SN-01 -> 91.41
✅ Ciclo completado. Esperando 10 segundos...
✅ Ciclo completado. Esperando 10 segundos...
✅ Ciclo completado. Esperando 10 segundos...
⚠️ SIMULANDO ANOMALÍA: Sensor IOT-SN-01 -> 88.93
✅ Ciclo completado. Esperando 10 segundos...
✅ Ciclo completado. Esperando 10 segundos...
✅ Ciclo completado. Esperando 10 segundos...
✅ Ciclo completado. Esperando 10 segundos...
✅ Ciclo completado. Esperando 10 segundos...
✅ Ciclo completado. Esperando 10 segundos...
✅ Ciclo completado. Esperando 10 segundos...
✅ Ciclo completado. Esperando 10 segundos...
✅ Ciclo completado. Esperando 10 segundos...
✅ Ciclo completado. Esperando 10 segundos...
✅ Ciclo completado. Esperando 10 segundos...
✅ Ciclo completado. Esperando 10 segundos...
✅ Ciclo completado. Esperando 10 segundos...
✅ Ciclo completado. Esperando 10 segundos...
✅ Ciclo completado. Esperando 10 segundos...
✅ Ciclo completado. Esperando 10 segundos...
⚠️ SIMULANDO ANOMALÍA: Sensor IOT-LV-01 -> 10.24
✅ Ciclo completado. Esperando 10 segundos...
⚠️ SIMULANDO ANOMALÍA: Sensor IOT-PR-01 -> 19.31
✅ Ciclo completado. Esperando 10 segundos...
⚠️ SIMULANDO ANOMALÍA: Sensor IOT-SN-01 -> 85.31
✅ Ciclo completado. Esperando 10 segundos...
⚠️ SIMULANDO ANOMALÍA: Sensor IOT-LV-01 -> -5.87
⚠️ SIMULANDO ANOMALÍA: Sensor IOT-SN-02 -> 1.58
✅ Ciclo completado. Esperando 10 segundos...
✅ Ciclo completado. Esperando 10 segundos...
✅ Ciclo completado. Esperando 10 segundos...
✅ Ciclo completado. Esperando 10 segundos...
✅ Ciclo completado. Esperando 10 segundos...
✅ Ciclo completado. Esperando 10 segundos...
✅ Ciclo completado. Esperando 10 segundos...
✅ Ciclo completado. Esperando 10 segundos...
✅ Ciclo completado. Esperando 10 segundos...
⚠️ SIMULANDO ANOMALÍA: Sensor IOT-PR-01 -> 18.33
✅ Ciclo completado. Esperando 10 segundos...
⚠️ SIMULANDO ANOMALÍA: Sensor IOT-SN-02 -> 86.59
✅ Ciclo completado. Esperando 10 segundos...
⚠️ SIMULANDO ANOMALÍA: Sensor IOT-SN-02 -> 4.15
✅ Ciclo completado. Esperando 10 segundos...
⚠️ SIMULANDO ANOMALÍA: Sensor IOT-SN-02 -> 3.04
✅ Ciclo completado. Esperando 10 segundos...
✅ Ciclo completado. Esperando 10 segundos...
✅ Ciclo completado. Esperando 10 segundos...
✅ Ciclo completado. Esperando 10 segundos...
✅ Ciclo completado. Esperando 10 segundos...
✅ Ciclo completado. Esperando 10 segundos...
✅ Ciclo completado. Esperando 10 segundos...
⚠️ SIMULANDO ANOMALÍA: Sensor IOT-SN-02 -> 0.13
✅ Ciclo completado. Esperando 10 segundos...
✅ Ciclo completado. Esperando 10 segundos...
✅ Ciclo completado. Esperando 10 segundos...
⚠️ SIMULANDO ANOMALÍA: Sensor IOT-PR-01 -> 74.55
✅ Ciclo completado. Esperando 10 segundos...
✅ Ciclo completado. Esperando 10 segundos...
✅ Ciclo completado. Esperando 10 segundos...
✅ Ciclo completado. Esperando 10 segundos...
✅ Ciclo completado. Esperando 10 segundos...
⚠️ SIMULANDO ANOMALÍA: Sensor IOT-SN-03 -> 68.02
✅ Ciclo completado. Esperando 10 segundos...
✅ Ciclo completado. Esperando 10 segundos...
✅ Ciclo completado. Esperando 10 segundos...
⚠️ SIMULANDO ANOMALÍA: Sensor IOT-SN-02 -> 94.43
✅ Ciclo completado. Esperando 10 segundos...
✅ Ciclo completado. Esperando 10 segundos...
✅ Ciclo completado. Esperando 10 segundos...
✅ Ciclo completado. Esperando 10 segundos...
✅ Ciclo completado. Esperando 10 segundos...
⚠️ SIMULANDO ANOMALÍA: Sensor IOT-SN-04 -> 94.54
✅ Ciclo completado. Esperando 10 segundos...
⚠️ SIMULANDO ANOMALÍA: Sensor IOT-SN-03 -> 71.55
✅ Ciclo completado. Esperando 10 segundos...
⚠️ SIMULANDO ANOMALÍA: Sensor IOT-PH-01 -> 15.68
⚠️ SIMULANDO ANOMALÍA: Sensor IOT-SN-03 -> 10.56
✅ Ciclo completado. Esperando 10 segundos...
✅ Ciclo completado. Esperando 10 segundos...
⚠️ SIMULANDO ANOMALÍA: Sensor IOT-PH-01 -> 17.58
✅ Ciclo completado. Esperando 10 segundos...
✅ Ciclo completado. Esperando 10 segundos...
✅ Ciclo completado. Esperando 10 segundos...
✅ Ciclo completado. Esperando 10 segundos...
✅ Ciclo completado. Esperando 10 segundos...
⚠️ SIMULANDO ANOMALÍA: Sensor IOT-LV-01 -> 10.57
⚠️ SIMULANDO ANOMALÍA: Sensor IOT-PH-01 -> 0.33
✅ Ciclo completado. Esperando 10 segundos...
✅ Ciclo completado. Esperando 10 segundos...
⚠️ SIMULANDO ANOMALÍA: Sensor IOT-PR-01 -> 70.44
✅ Ciclo completado. Esperando 10 segundos...
⚠️ SIMULANDO ANOMALÍA: Sensor IOT-SN-01 -> 86.30
✅ Ciclo completado. Esperando 10 segundos...
✅ Ciclo completado. Esperando 10 segundos...
✅ Ciclo completado. Esperando 10 segundos...
✅ Ciclo completado. Esperando 10 segundos...
⚠️ SIMULANDO ANOMALÍA: Sensor IOT-SN-01 -> 0.06
✅ Ciclo completado. Esperando 10 segundos...
⚠️ SIMULANDO ANOMALÍA: Sensor IOT-PR-01 -> 17.64
✅ Ciclo completado. Esperando 10 segundos...
⚠️ SIMULANDO ANOMALÍA: Sensor IOT-SN-04 -> 92.14
✅ Ciclo completado. Esperando 10 segundos...
✅ Ciclo completado. Esperando 10 segundos...
✅ Ciclo completado. Esperando 10 segundos...
⚠️ SIMULANDO ANOMALÍA: Sensor IOT-PR-01 -> 15.46
✅ Ciclo completado. Esperando 10 segundos...
⚠️ SIMULANDO ANOMALÍA: Sensor IOT-SN-04 -> 90.94
✅ Ciclo completado. Esperando 10 segundos...
✅ Ciclo completado. Esperando 10 segundos...
⚠️ SIMULANDO ANOMALÍA: Sensor IOT-SN-04 -> 88.06
✅ Ciclo completado. Esperando 10 segundos...
✅ Ciclo completado. Esperando 10 segundos...
✅ Ciclo completado. Esperando 10 segundos...
⚠️ SIMULANDO ANOMALÍA: Sensor IOT-PR-01 -> 16.67
✅ Ciclo completado. Esperando 10 segundos...
✅ Ciclo completado. Esperando 10 segundos...
✅ Ciclo completado. Esperando 10 segundos...
⚠️ SIMULANDO ANOMALÍA: Sensor IOT-LV-01 -> -6.52
⚠️ SIMULANDO ANOMALÍA: Sensor IOT-SN-01 -> 2.30
⚠️ SIMULANDO ANOMALÍA: Sensor IOT-SN-03 -> 10.50
✅ Ciclo completado. Esperando 10 segundos...
✅ Ciclo completado. Esperando 10 segundos...
✅ Ciclo completado. Esperando 10 segundos...
⚠️ SIMULANDO ANOMALÍA: Sensor IOT-LV-01 -> 18.43
✅ Ciclo completado. Esperando 10 segundos...
✅ Ciclo completado. Esperando 10 segundos...
✅ Ciclo completado. Esperando 10 segundos...
✅ Ciclo completado. Esperando 10 segundos...
⚠️ SIMULANDO ANOMALÍA: Sensor IOT-LV-01 -> -7.07
✅ Ciclo completado. Esperando 10 segundos...
✅ Ciclo completado. Esperando 10 segundos...
⚠️ SIMULANDO ANOMALÍA: Sensor IOT-LV-01 -> -5.02
⚠️ SIMULANDO ANOMALÍA: Sensor IOT-PH-01 -> 0.34
✅ Ciclo completado. Esperando 10 segundos...
⚠️ SIMULANDO ANOMALÍA: Sensor IOT-SN-02 -> 4.94
✅ Ciclo completado. Esperando 10 segundos...
⚠️ SIMULANDO ANOMALÍA: Sensor IOT-SN-02 -> 86.04
✅ Ciclo completado. Esperando 10 segundos...
✅ Ciclo completado. Esperando 10 segundos...
✅ Ciclo completado. Esperando 10 segundos...
✅ Ciclo completado. Esperando 10 segundos...
✅ Ciclo completado. Esperando 10 segundos...
✅ Ciclo completado. Esperando 10 segundos...
✅ Ciclo completado. Esperando 10 segundos...
✅ Ciclo completado. Esperando 10 segundos...
✅ Ciclo completado. Esperando 10 segundos...
✅ Ciclo completado. Esperando 10 segundos...
✅ Ciclo completado. Esperando 10 segundos...
⚠️ SIMULANDO ANOMALÍA: Sensor IOT-PH-01 -> -0.62
✅ Ciclo completado. Esperando 10 segundos...
⚠️ SIMULANDO ANOMALÍA: Sensor IOT-SN-01 -> 3.16
✅ Ciclo completado. Esperando 10 segundos...
✅ Ciclo completado. Esperando 10 segundos...
✅ Ciclo completado. Esperando 10 segundos...
✅ Ciclo completado. Esperando 10 segundos...
✅ Ciclo completado. Esperando 10 segundos...
✅ Ciclo completado. Esperando 10 segundos...
⚠️ SIMULANDO ANOMALÍA: Sensor IOT-LV-01 -> 12.25
✅ Ciclo completado. Esperando 10 segundos...
⚠️ SIMULANDO ANOMALÍA: Sensor IOT-LV-01 -> 19.36
✅ Ciclo completado. Esperando 10 segundos...
⚠️ SIMULANDO ANOMALÍA: Sensor IOT-PR-01 -> 71.63
✅ Ciclo completado. Esperando 10 segundos...
✅ Ciclo completado. Esperando 10 segundos...
✅ Ciclo completado. Esperando 10 segundos...
✅ Ciclo completado. Esperando 10 segundos...
✅ Ciclo completado. Esperando 10 segundos...
✅ Ciclo completado. Esperando 10 segundos...
⚠️ SIMULANDO ANOMALÍA: Sensor IOT-PR-01 -> 78.78
✅ Ciclo completado. Esperando 10 segundos...
✅ Ciclo completado. Esperando 10 segundos...
✅ Ciclo completado. Esperando 10 segundos...
✅ Ciclo completado. Esperando 10 segundos...
✅ Ciclo completado. Esperando 10 segundos...
✅ Ciclo completado. Esperando 10 segundos...
✅ Ciclo completado. Esperando 10 segundos...
✅ Ciclo completado. Esperando 10 segundos...
✅ Ciclo completado. Esperando 10 segundos...
✅ Ciclo completado. Esperando 10 segundos...
✅ Ciclo completado. Esperando 10 segundos...
✅ Ciclo completado. Esperando 10 segundos...
✅ Ciclo completado. Esperando 10 segundos...
⚠️ SIMULANDO ANOMALÍA: Sensor IOT-SN-01 -> 90.08
✅ Ciclo completado. Esperando 10 segundos...
⚠️ SIMULANDO ANOMALÍA: Sensor IOT-SN-03 -> 11.56
✅ Ciclo completado. Esperando 10 segundos...
⚠️ SIMULANDO ANOMALÍA: Sensor IOT-PR-01 -> 18.09
✅ Ciclo completado. Esperando 10 segundos...
⚠️ SIMULANDO ANOMALÍA: Sensor IOT-SN-01 -> 91.85
✅ Ciclo completado. Esperando 10 segundos...
✅ Ciclo completado. Esperando 10 segundos...
⚠️ SIMULANDO ANOMALÍA: Sensor IOT-SN-03 -> 65.04
✅ Ciclo completado. Esperando 10 segundos...
✅ Ciclo completado. Esperando 10 segundos...
⚠️ SIMULANDO ANOMALÍA: Sensor IOT-PR-01 -> 79.41
✅ Ciclo completado. Esperando 10 segundos...
✅ Ciclo completado. Esperando 10 segundos...
✅ Ciclo completado. Esperando 10 segundos...
✅ Ciclo completado. Esperando 10 segundos...
✅ Ciclo completado. Esperando 10 segundos...
✅ Ciclo completado. Esperando 10 segundos...
✅ Ciclo completado. Esperando 10 segundos...
✅ Ciclo completado. Esperando 10 segundos...
⚠️ SIMULANDO ANOMALÍA: Sensor IOT-SN-04 -> 4.01
✅ Ciclo completado. Esperando 10 segundos...
⚠️ SIMULANDO ANOMALÍA: Sensor IOT-PR-01 -> 78.31
✅ Ciclo completado. Esperando 10 segundos...
✅ Ciclo completado. Esperando 10 segundos...
⚠️ SIMULANDO ANOMALÍA: Sensor IOT-SN-04 -> 0.36
✅ Ciclo completado. Esperando 10 segundos...
✅ Ciclo completado. Esperando 10 segundos...
✅ Ciclo completado. Esperando 10 segundos...
✅ Ciclo completado. Esperando 10 segundos...
✅ Ciclo completado. Esperando 10 segundos...
⚠️ SIMULANDO ANOMALÍA: Sensor IOT-SN-01 -> 2.62
✅ Ciclo completado. Esperando 10 segundos...
⚠️ SIMULANDO ANOMALÍA: Sensor IOT-PR-01 -> 19.78
✅ Ciclo completado. Esperando 10 segundos...
✅ Ciclo completado. Esperando 10 segundos...
⚠️ SIMULANDO ANOMALÍA: Sensor IOT-SN-04 -> 94.70
✅ Ciclo completado. Esperando 10 segundos...
✅ Ciclo completado. Esperando 10 segundos...
✅ Ciclo completado. Esperando 10 segundos...
⚠️ SIMULANDO ANOMALÍA: Sensor IOT-PH-01 -> 17.20
⚠️ SIMULANDO ANOMALÍA: Sensor IOT-PR-01 -> 74.16
✅ Ciclo completado. Esperando 10 segundos...
✅ Ciclo completado. Esperando 10 segundos...
✅ Ciclo completado. Esperando 10 segundos...
✅ Ciclo completado. Esperando 10 segundos...
✅ Ciclo completado. Esperando 10 segundos...
⚠️ SIMULANDO ANOMALÍA: Sensor IOT-LV-01 -> 12.48
✅ Ciclo completado. Esperando 10 segundos...
✅ Ciclo completado. Esperando 10 segundos...
⚠️ SIMULANDO ANOMALÍA: Sensor IOT-PR-01 -> 19.42
⚠️ SIMULANDO ANOMALÍA: Sensor IOT-SN-04 -> 89.24
✅ Ciclo completado. Esperando 10 segundos...
✅ Ciclo completado. Esperando 10 segundos...
⚠️ SIMULANDO ANOMALÍA: Sensor IOT-LV-01 -> -6.14
✅ Ciclo completado. Esperando 10 segundos...
✅ Ciclo completado. Esperando 10 segundos...
✅ Ciclo completado. Esperando 10 segundos...
⚠️ SIMULANDO ANOMALÍA: Sensor IOT-LV-01 -> 18.94
✅ Ciclo completado. Esperando 10 segundos...
✅ Ciclo completado. Esperando 10 segundos...
⚠️ SIMULANDO ANOMALÍA: Sensor IOT-SN-02 -> 1.75
✅ Ciclo completado. Esperando 10 segundos...
✅ Ciclo completado. Esperando 10 segundos...
⚠️ SIMULANDO ANOMALÍA: Sensor IOT-SN-04 -> 85.16
✅ Ciclo completado. Esperando 10 segundos...
✅ Ciclo completado. Esperando 10 segundos...
⚠️ SIMULANDO ANOMALÍA: Sensor IOT-SN-02 -> 3.92
✅ Ciclo completado. Esperando 10 segundos...
✅ Ciclo completado. Esperando 10 segundos...
⚠️ SIMULANDO ANOMALÍA: Sensor IOT-SN-01 -> 2.16
⚠️ SIMULANDO ANOMALÍA: Sensor IOT-SN-02 -> 4.10
✅ Ciclo completado. Esperando 10 segundos...
✅ Ciclo completado. Esperando 10 segundos...
✅ Ciclo completado. Esperando 10 segundos...
✅ Ciclo completado. Esperando 10 segundos...
⚠️ SIMULANDO ANOMALÍA: Sensor IOT-LV-01 -> 17.27
⚠️ SIMULANDO ANOMALÍA: Sensor IOT-SN-04 -> 87.63
✅ Ciclo completado. Esperando 10 segundos...
✅ Ciclo completado. Esperando 10 segundos...
✅ Ciclo completado. Esperando 10 segundos...
⚠️ SIMULANDO ANOMALÍA: Sensor IOT-PH-01 -> -2.25
✅ Ciclo completado. Esperando 10 segundos...
⚠️ SIMULANDO ANOMALÍA: Sensor IOT-SN-03 -> 10.20
✅ Ciclo completado. Esperando 10 segundos...
⚠️ SIMULANDO ANOMALÍA: Sensor IOT-SN-01 -> 2.59
✅ Ciclo completado. Esperando 10 segundos...
✅ Ciclo completado. Esperando 10 segundos...
✅ Ciclo completado. Esperando 10 segundos...
✅ Ciclo completado. Esperando 10 segundos...
✅ Ciclo completado. Esperando 10 segundos...
✅ Ciclo completado. Esperando 10 segundos...
✅ Ciclo completado. Esperando 10 segundos...
✅ Ciclo completado. Esperando 10 segundos...
✅ Ciclo completado. Esperando 10 segundos...
⚠️ SIMULANDO ANOMALÍA: Sensor IOT-SN-02 -> 90.52
✅ Ciclo completado. Esperando 10 segundos...
✅ Ciclo completado. Esperando 10 segundos...
✅ Ciclo completado. Esperando 10 segundos...
⚠️ SIMULANDO ANOMALÍA: Sensor IOT-SN-04 -> 4.99
✅ Ciclo completado. Esperando 10 segundos...
✅ Ciclo completado. Esperando 10 segundos...
✅ Ciclo completado. Esperando 10 segundos...
✅ Ciclo completado. Esperando 10 segundos...
✅ Ciclo completado. Esperando 10 segundos...
⚠️ SIMULANDO ANOMALÍA: Sensor IOT-SN-02 -> 1.94
✅ Ciclo completado. Esperando 10 segundos...
✅ Ciclo completado. Esperando 10 segundos...
✅ Ciclo completado. Esperando 10 segundos...
✅ Ciclo completado. Esperando 10 segundos...
✅ Ciclo completado. Esperando 10 segundos...
✅ Ciclo completado. Esperando 10 segundos...
⚠️ SIMULANDO ANOMALÍA: Sensor IOT-PH-01 -> 19.93
✅ Ciclo completado. Esperando 10 segundos...
✅ Ciclo completado. Esperando 10 segundos...
✅ Ciclo completado. Esperando 10 segundos...
✅ Ciclo completado. Esperando 10 segundos...
✅ Ciclo completado. Esperando 10 segundos...
⚠️ SIMULANDO ANOMALÍA: Sensor IOT-LV-01 -> -6.35
⚠️ SIMULANDO ANOMALÍA: Sensor IOT-SN-01 -> 2.28
✅ Ciclo completado. Esperando 10 segundos...
✅ Ciclo completado. Esperando 10 segundos...
✅ Ciclo completado. Esperando 10 segundos...
⚠️ SIMULANDO ANOMALÍA: Sensor IOT-SN-01 -> 85.64
⚠️ SIMULANDO ANOMALÍA: Sensor IOT-SN-03 -> 12.08
✅ Ciclo completado. Esperando 10 segundos...
⚠️ SIMULANDO ANOMALÍA: Sensor IOT-SN-01 -> 86.19
✅ Ciclo completado. Esperando 10 segundos...
✅ Ciclo completado. Esperando 10 segundos...
⚠️ SIMULANDO ANOMALÍA: Sensor IOT-PH-01 -> 16.79
✅ Ciclo completado. Esperando 10 segundos...
✅ Ciclo completado. Esperando 10 segundos...
✅ Ciclo completado. Esperando 10 segundos...
✅ Ciclo completado. Esperando 10 segundos...
⚠️ SIMULANDO ANOMALÍA: Sensor IOT-PH-01 -> 0.41
⚠️ SIMULANDO ANOMALÍA: Sensor IOT-SN-04 -> 89.92
✅ Ciclo completado. Esperando 10 segundos...
✅ Ciclo completado. Esperando 10 segundos...
⚠️ SIMULANDO ANOMALÍA: Sensor IOT-PR-01 -> 16.96
⚠️ SIMULANDO ANOMALÍA: Sensor IOT-SN-04 -> 89.74
✅ Ciclo completado. Esperando 10 segundos...
✅ Ciclo completado. Esperando 10 segundos...
✅ Ciclo completado. Esperando 10 segundos...
✅ Ciclo completado. Esperando 10 segundos...
✅ Ciclo completado. Esperando 10 segundos...
⚠️ SIMULANDO ANOMALÍA: Sensor IOT-PH-01 -> -0.97
✅ Ciclo completado. Esperando 10 segundos...
✅ Ciclo completado. Esperando 10 segundos...
✅ Ciclo completado. Esperando 10 segundos...
⚠️ SIMULANDO ANOMALÍA: Sensor IOT-SN-04 -> 1.64
✅ Ciclo completado. Esperando 10 segundos...
✅ Ciclo completado. Esperando 10 segundos...
✅ Ciclo completado. Esperando 10 segundos...
⚠️ SIMULANDO ANOMALÍA: Sensor IOT-PH-01 -> 14.28
✅ Ciclo completado. Esperando 10 segundos...
✅ Ciclo completado. Esperando 10 segundos...
✅ Ciclo completado. Esperando 10 segundos...
✅ Ciclo completado. Esperando 10 segundos...
⚠️ SIMULANDO ANOMALÍA: Sensor IOT-PR-01 -> 78.69
✅ Ciclo completado. Esperando 10 segundos...
✅ Ciclo completado. Esperando 10 segundos...
⚠️ SIMULANDO ANOMALÍA: Sensor IOT-PH-01 -> -1.48
✅ Ciclo completado. Esperando 10 segundos...
✅ Ciclo completado. Esperando 10 segundos...
✅ Ciclo completado. Esperando 10 segundos...
⚠️ SIMULANDO ANOMALÍA: Sensor IOT-SN-01 -> 90.48
⚠️ SIMULANDO ANOMALÍA: Sensor IOT-SN-04 -> 91.84
✅ Ciclo completado. Esperando 10 segundos...
✅ Ciclo completado. Esperando 10 segundos...
✅ Ciclo completado. Esperando 10 segundos...
⚠️ SIMULANDO ANOMALÍA: Sensor IOT-SN-02 -> 4.51
⚠️ SIMULANDO ANOMALÍA: Sensor IOT-SN-04 -> 87.51
✅ Ciclo completado. Esperando 10 segundos...
✅ Ciclo completado. Esperando 10 segundos...
✅ Ciclo completado. Esperando 10 segundos...
✅ Ciclo completado. Esperando 10 segundos...
✅ Ciclo completado. Esperando 10 segundos...
✅ Ciclo completado. Esperando 10 segundos...
✅ Ciclo completado. Esperando 10 segundos...
✅ Ciclo completado. Esperando 10 segundos...
✅ Ciclo completado. Esperando 10 segundos...
⚠️ SIMULANDO ANOMALÍA: Sensor IOT-PR-01 -> 70.55
✅ Ciclo completado. Esperando 10 segundos...
✅ Ciclo completado. Esperando 10 segundos...
⚠️ SIMULANDO ANOMALÍA: Sensor IOT-SN-02 -> 93.86
✅ Ciclo completado. Esperando 10 segundos...
✅ Ciclo completado. Esperando 10 segundos...
⚠️ SIMULANDO ANOMALÍA: Sensor IOT-SN-03 -> 13.72
✅ Ciclo completado. Esperando 10 segundos...
✅ Ciclo completado. Esperando 10 segundos...
⚠️ SIMULANDO ANOMALÍA: Sensor IOT-LV-01 -> -8.59
✅ Ciclo completado. Esperando 10 segundos...
✅ Ciclo completado. Esperando 10 segundos...
✅ Ciclo completado. Esperando 10 segundos...
⚠️ SIMULANDO ANOMALÍA: Sensor IOT-LV-01 -> -7.95
✅ Ciclo completado. Esperando 10 segundos...
⚠️ SIMULANDO ANOMALÍA: Sensor IOT-SN-04 -> 4.50
✅ Ciclo completado. Esperando 10 segundos...
✅ Ciclo completado. Esperando 10 segundos...
✅ Ciclo completado. Esperando 10 segundos...
✅ Ciclo completado. Esperando 10 segundos...
⚠️ SIMULANDO ANOMALÍA: Sensor IOT-SN-01 -> 89.90
✅ Ciclo completado. Esperando 10 segundos...
⚠️ SIMULANDO ANOMALÍA: Sensor IOT-PH-01 -> -0.37
✅ Ciclo completado. Esperando 10 segundos...
✅ Ciclo completado. Esperando 10 segundos...
⚠️ SIMULANDO ANOMALÍA: Sensor IOT-SN-02 -> 3.03
✅ Ciclo completado. Esperando 10 segundos...
✅ Ciclo completado. Esperando 10 segundos...
✅ Ciclo completado. Esperando 10 segundos...
⚠️ SIMULANDO ANOMALÍA: Sensor IOT-PH-01 -> 15.53
✅ Ciclo completado. Esperando 10 segundos...
⚠️ SIMULANDO ANOMALÍA: Sensor IOT-SN-04 -> 90.94
✅ Ciclo completado. Esperando 10 segundos...
✅ Ciclo completado. Esperando 10 segundos...
✅ Ciclo completado. Esperando 10 segundos...
✅ Ciclo completado. Esperando 10 segundos...
✅ Ciclo completado. Esperando 10 segundos...
⚠️ SIMULANDO ANOMALÍA: Sensor IOT-LV-01 -> 12.52
✅ Ciclo completado. Esperando 10 segundos...
✅ Ciclo completado. Esperando 10 segundos...
✅ Ciclo completado. Esperando 10 segundos...
✅ Ciclo completado. Esperando 10 segundos...
⚠️ SIMULANDO ANOMALÍA: Sensor IOT-SN-01 -> 91.57
✅ Ciclo completado. Esperando 10 segundos...
✅ Ciclo completado. Esperando 10 segundos...
✅ Ciclo completado. Esperando 10 segundos...
✅ Ciclo completado. Esperando 10 segundos...
✅ Ciclo completado. Esperando 10 segundos...
⚠️ SIMULANDO ANOMALÍA: Sensor IOT-SN-01 -> 0.05
✅ Ciclo completado. Esperando 10 segundos...
⚠️ SIMULANDO ANOMALÍA: Sensor IOT-SN-04 -> 88.57
✅ Ciclo completado. Esperando 10 segundos...
✅ Ciclo completado. Esperando 10 segundos...
✅ Ciclo completado. Esperando 10 segundos...
✅ Ciclo completado. Esperando 10 segundos...
⚠️ SIMULANDO ANOMALÍA: Sensor IOT-SN-04 -> 94.60
✅ Ciclo completado. Esperando 10 segundos...
✅ Ciclo completado. Esperando 10 segundos...
✅ Ciclo completado. Esperando 10 segundos...
✅ Ciclo completado. Esperando 10 segundos...
✅ Ciclo completado. Esperando 10 segundos...
✅ Ciclo completado. Esperando 10 segundos...
✅ Ciclo completado. Esperando 10 segundos...
⚠️ SIMULANDO ANOMALÍA: Sensor IOT-SN-02 -> 85.48
✅ Ciclo completado. Esperando 10 segundos...
✅ Ciclo completado. Esperando 10 segundos...
⚠️ SIMULANDO ANOMALÍA: Sensor IOT-LV-01 -> 19.37
✅ Ciclo completado. Esperando 10 segundos...
✅ Ciclo completado. Esperando 10 segundos...
✅ Ciclo completado. Esperando 10 segundos...
⚠️ SIMULANDO ANOMALÍA: Sensor IOT-SN-04 -> 91.73
✅ Ciclo completado. Esperando 10 segundos...
⚠️ SIMULANDO ANOMALÍA: Sensor IOT-SN-03 -> 13.09
✅ Ciclo completado. Esperando 10 segundos...
⚠️ SIMULANDO ANOMALÍA: Sensor IOT-PR-01 -> 71.12
✅ Ciclo completado. Esperando 10 segundos...
✅ Ciclo completado. Esperando 10 segundos...
⚠️ SIMULANDO ANOMALÍA: Sensor IOT-SN-02 -> 91.71
✅ Ciclo completado. Esperando 10 segundos...
⚠️ SIMULANDO ANOMALÍA: Sensor IOT-SN-02 -> 3.51
✅ Ciclo completado. Esperando 10 segundos...
✅ Ciclo completado. Esperando 10 segundos...
⚠️ SIMULANDO ANOMALÍA: Sensor IOT-PR-01 -> 70.75
✅ Ciclo completado. Esperando 10 segundos...
⚠️ SIMULANDO ANOMALÍA: Sensor IOT-SN-01 -> 89.95
✅ Ciclo completado. Esperando 10 segundos...
✅ Ciclo completado. Esperando 10 segundos...
⚠️ SIMULANDO ANOMALÍA: Sensor IOT-SN-02 -> 0.29
✅ Ciclo completado. Esperando 10 segundos...
✅ Ciclo completado. Esperando 10 segundos...
✅ Ciclo completado. Esperando 10 segundos...
✅ Ciclo completado. Esperando 10 segundos...
✅ Ciclo completado. Esperando 10 segundos...
⚠️ SIMULANDO ANOMALÍA: Sensor IOT-PH-01 -> 22.22
✅ Ciclo completado. Esperando 10 segundos...
✅ Ciclo completado. Esperando 10 segundos...
✅ Ciclo completado. Esperando 10 segundos...